[debug] [2020-01-08T10:14:06.280Z] ----------------------------------------------------------------------
[debug] [2020-01-08T10:14:06.282Z] Command:       C:\Program Files\nodejs\node.exe C:\Users\Abhishek\AppData\Local\Yarn\Data\global\node_modules\firebase-tools\lib\bin\firebase.js init
[debug] [2020-01-08T10:14:06.282Z] CLI Version:   7.11.0
[debug] [2020-01-08T10:14:06.282Z] Platform:      win32
[debug] [2020-01-08T10:14:06.282Z] Node Version:  v10.16.3
[debug] [2020-01-08T10:14:06.283Z] Time:          Wed Jan 08 2020 15:44:06 GMT+0530 (India Standard Time)
[debug] [2020-01-08T10:14:06.283Z] ----------------------------------------------------------------------
[debug] [2020-01-08T10:14:06.283Z] 
[debug] [2020-01-08T10:14:06.294Z] > command requires scopes: ["email","openid","https://www.googleapis.com/auth/cloudplatformprojects.readonly","https://www.googleapis.com/auth/firebase","https://www.googleapis.com/auth/cloud-platform"]
[debug] [2020-01-08T10:14:06.294Z] > authorizing via signed-in user
[info] 
     ######## #### ########  ######## ########     ###     ######  ########
     ##        ##  ##     ## ##       ##     ##  ##   ##  ##       ##
     ######    ##  ########  ######   ########  #########  ######  ######
     ##        ##  ##    ##  ##       ##     ## ##     ##       ## ##
     ##       #### ##     ## ######## ########  ##     ##  ######  ########

You're about to initialize a Firebase project in this directory:

  C:\Users\Abhishek\Quant\stocks-100

Before we get started, keep in mind:

  * You are initializing in an existing Firebase project directory

[info] 
=== Project Setup
[info] 
[info] First, let's associate this project directory with a Firebase project.
[info] You can create multiple project aliases by running firebase use --add, 
[info] but for now we'll just set up a default project.
[info] 
[info] i  .firebaserc already has a default project, using stocks-walaa.
[debug] [2020-01-08T10:14:29.419Z] >>> HTTP REQUEST GET https://firebase.googleapis.com/v1beta1/projects/stocks-walaa  
 
[debug] [2020-01-08T10:14:30.294Z] <<< HTTP RESPONSE 200
[info] 
=== Hosting Setup
[info] 
[info] Your public directory is the folder (relative to your project directory) that
[info] will contain Hosting assets to be uploaded with firebase deploy. If you
[info] have a build process for your assets, use your build's output directory.
[info] 
